Arguments: 
  C:\Program Files\nodejs\node.exe C:\Program Files (x86)\Yarn\bin\yarn.js add worker_threads

PATH: 
  C:\Users\wang\local;D:\node-demo;C:\Users\wang\bin;D:\Program Files\Git\mingw64\bin;D:\Program Files\Git\usr\local\bin;D:\Program Files\Git\usr\bin;D:\Program Files\Git\usr\bin;D:\Program Files\Git\mingw64\bin;D:\Program Files\Git\usr\bin;C:\Users\wang\bin;C:\Program Files\Broadcom\Broadcom 802.11 Network Adapter;C:\WINDOWS\system32;C:\WINDOWS;C:\WINDOWS\System32\Wbem;C:\WINDOWS\System32\WindowsPowerShell\v1.0;C:\Program Files (x86)\NVIDIA Corporation\PhysX\Common;C:\WINDOWS\system32;C:\WINDOWS;C:\WINDOWS\System32\Wbem;C:\WINDOWS\System32\WindowsPowerShell\v1.0;C:\Android;C:\Windows\System32;C:\Program Files\dotnet;C:\Program Files (x86)\Microsoft Visual Studio\Shared\Python36_64\Scripts;C:\Program Files (x86)\Microsoft Visual Studio\Shared\Python36_64;D:\Program Files\Microsoft VS Code\bin;C:\WINDOWS\System32\OpenSSH;D:\Program Files\Git\cmd;D:\Program Files\Git\mingw64\bin;D:\Program Files\Git\usr\bin;C:\Program Files (x86)\Yarn\bin;C:\Program Files\nodejs;C:\Ruby24-x64\bin;C:\Users\wang\AppData\Local\Microsoft\WindowsApps;C:\Program Files (x86)\Microsoft Visual Studio\Shared\Python36_64\Scripts;D:\Program Files\Microsoft VS Code\bin;C:\Users\wang\AppData\Local\Yarn\bin;D:\软件\webstorm\WebStorm 2018.1.5\bin;C:\Users\wang\AppData\Roaming\npm;D:\Program Files\Git\usr\bin\vendor_perl;D:\Program Files\Git\usr\bin\core_perl

Yarn version: 
  1.9.4

Node version: 
  10.14.2

Platform: 
  win32 x64

Trace: 
  Error: https://registry.npm.taobao.org/worker_threads: Not found
      at Request.params.callback [as _callback] (C:\Program Files (x86)\Yarn\lib\cli.js:64202:18)
      at Request.self.callback (C:\Program Files (x86)\Yarn\lib\cli.js:137468:22)
      at Request.emit (events.js:182:13)
      at Request.<anonymous> (C:\Program Files (x86)\Yarn\lib\cli.js:138440:10)
      at Request.emit (events.js:182:13)
      at IncomingMessage.<anonymous> (C:\Program Files (x86)\Yarn\lib\cli.js:138362:12)
      at Object.onceWrapper (events.js:273:13)
      at IncomingMessage.emit (events.js:187:15)
      at endReadableNT (_stream_readable.js:1094:12)
      at process._tickCallback (internal/process/next_tick.js:63:19)

npm manifest: 
  {
    "name": "gulu-simple-learn",
    "version": "0.0.2",
    "description": "rails for learn",
    "main": "dist/index.js",
    "scripts": {
      "dev-test": "parcel watch test/* --no-cache & npx karma start",
      "test": "parcel build test/* --no-minify && karma start --single-run",
      "clean": "rm -rf .cache;rm -rf dist/*",
      "start": "parcel index.html"
    },
    "repository": "git+https://github.com/westee/gulu.git",
    "keywords": [
      "vue",
      "ui"
    ],
    "author": "dflk",
    "license": "MIT",
    "bugs": {
      "url": "https://github.com/westee/gulu/issues"
    },
    "homepage": "https://github.com/westee/gulu#readme",
    "dependencies": {
      "vue": "^2.6.6",
      "vue-hot-reload-api": "^2.3.2"
    },
    "devDependencies": {
      "@vue/component-compiler-utils": "^2.5.2",
      "chai": "^4.2.0",
      "chai-spies": "^1.0.0",
      "karma": "^4.0.0",
      "karma-chai": "^0.1.0",
      "karma-chai-spies": "^0.1.4",
      "karma-chrome-launcher": "^2.2.0",
      "karma-mocha": "^1.3.0",
      "karma-mocha-reporter": "^2.2.5",
      "karma-sinon-chai": "^2.0.2",
      "mocha": "^5.2.0",
      "node-sass": "^4.11.0",
      "node-static": "^0.7.10",
      "parcel": "^1.9.2",
      "parcel-bundler": "^1.11.0",
      "puppeteer": "^1.5.0",
      "sinon": "^7.2.3",
      "sinon-chai": "^3.3.0",
      "vue-template-compiler": "^2.6.6"
    },
    "alias": {
      "vue": "./node_modules/vue/dist/vue.common.js"
    }
  }

yarn manifest: 
  No manifest

Lockfile: 
  No lockfile
