0 info it worked if it ends with ok
1 verbose cli [ 'C:\\Program Files\\nodejs\\node.exe',
1 verbose cli   'C:\\Users\\wang\\AppData\\Roaming\\npm\\node_modules\\npm\\bin\\npm-cli.js',
1 verbose cli   'run',
1 verbose cli   'parcel',
1 verbose cli   'watch',
1 verbose cli   'test/*',
1 verbose cli   '--no-cache' ]
2 info using npm@6.5.0
3 info using node@v10.14.2
4 verbose stack Error: missing script: parcel
4 verbose stack     at run (C:\Users\wang\AppData\Roaming\npm\node_modules\npm\lib\run-script.js:155:19)
4 verbose stack     at C:\Users\wang\AppData\Roaming\npm\node_modules\npm\lib\run-script.js:63:5
4 verbose stack     at C:\Users\wang\AppData\Roaming\npm\node_modules\npm\node_modules\read-package-json\read-json.js:115:5
4 verbose stack     at C:\Users\wang\AppData\Roaming\npm\node_modules\npm\node_modules\read-package-json\read-json.js:418:5
4 verbose stack     at checkBinReferences_ (C:\Users\wang\AppData\Roaming\npm\node_modules\npm\node_modules\read-package-json\read-json.js:373:45)
4 verbose stack     at final (C:\Users\wang\AppData\Roaming\npm\node_modules\npm\node_modules\read-package-json\read-json.js:416:3)
4 verbose stack     at then (C:\Users\wang\AppData\Roaming\npm\node_modules\npm\node_modules\read-package-json\read-json.js:160:5)
4 verbose stack     at C:\Users\wang\AppData\Roaming\npm\node_modules\npm\node_modules\read-package-json\read-json.js:364:12
4 verbose stack     at C:\Users\wang\AppData\Roaming\npm\node_modules\npm\node_modules\graceful-fs\graceful-fs.js:90:16
4 verbose stack     at FSReqWrap.readFileAfterClose [as oncomplete] (internal/fs/read_file_context.js:53:3)
5 verbose cwd E:\vue-rails\simple
6 verbose Windows_NT 10.0.17134
7 verbose argv "C:\\Program Files\\nodejs\\node.exe" "C:\\Users\\wang\\AppData\\Roaming\\npm\\node_modules\\npm\\bin\\npm-cli.js" "run" "parcel" "watch" "test/*" "--no-cache"
8 verbose node v10.14.2
9 verbose npm  v6.5.0
10 error missing script: parcel
11 verbose exit [ 1, true ]
